libtool-ltdl-2.2.6-15.5.el6.x86_64
basesystem-10.0-4.el6.noarch
pulseaudio-libs-0.9.21-21.el6.x86_64
nss-softokn-freebl-3.14.3-9.el6.x86_64
dvd+rw-tools-7.1-6.el6.x86_64
bash-4.1.2-15.el6_4.x86_64
gdk-pixbuf2-2.24.1-6.el6_7.x86_64
info-4.13a-8.el6.x86_64
libXft-2.3.1-2.el6.x86_64
polkit-0.96-11.el6.x86_64
nss-util-3.15.1-3.el6.x86_64
sed-4.2.1-10.el6.x86_64
libXv-1.0.9-2.1.el6.x86_64
libstdc++-4.4.7-4.el6.x86_64
sound-theme-freedesktop-0.7-3.el6.noarch
libgpg-error-1.7-4.el6.x86_64
libudev-147-2.63.el6_7.1.x86_64
grep-2.6.3-4.el6.x86_64
libxslt-1.1.26-2.el6_3.1.x86_64
libidn-1.18-2.el6.x86_64
